2024-10-15 15:07:05 | DEBUG    | __main__.main - This is a debug message.
2024-10-15 15:07:05 | CRITICAL | __main__.main - This is a critical message.
2024-10-15 15:09:38 | DEBUG    | __main__.main - This is a debug message.
2024-10-15 15:09:38 | CRITICAL | __main__.main - This is a critical message.
2024-10-15 15:11:24.224 | DEBUG    | __main__.main - This is a debug message.
2024-10-15 15:11:24.224 | CRITICAL | __main__.main - This is a critical message.
2024-10-15 15:14:29.970 | DEBUG    | __main__ - This is a debug message.
2024-10-15 15:14:29.970 | CRITICAL | __main__ - This is a critical message.
2024-10-15 15:22:18.660 | DEBUG    | __main__ - This is a debug message.
2024-10-15 15:22:18.660 | CRITICAL | __main__ - This is a critical message.
2024-10-15 15:22:39.719 | DEBUG    | __main__ - This is a debug message.
2024-10-15 15:22:39.719 | CRITICAL | __main__ - This is a critical message.
2024-10-15 15:23:08.719 | DEBUG    | __main__ - This is a debug message.
2024-10-15 15:23:08.720 | CRITICAL | __main__ - This is a critical message.
2024-10-15 15:23:17.840 | DEBUG    | __main__ - This is a debug message.
2024-10-15 15:23:17.841 | CRITICAL | __main__ - This is a critical message.
2024-10-15 15:32:44.860 | DEBUG    | logger.log_handler:10 - This is a debug message.
2024-10-15 15:32:44.860 | CRITICAL | logger.log_handler:11 - This is a critical message.
2024-10-15 15:38:49.451 | DEBUG    | logger.log_handler:debug:21 - This is a debug message.
2024-10-15 15:38:49.451 | CRITICAL | logger.log_handler:critical:33 - This is a critical message.
2024-10-15 15:43:40.540 | DEBUG    | cliente_wake_sample.marola.app:logger.log_handler:_lwnamespace:25 - This is a debug message.
2024-10-15 15:43:40.540 | CRITICAL | cliente_wake_sample.marola.app:logger.log_handler:_lwnamespace:25 - This is a critical message.
2024-10-15 15:52:15.623 | DEBUG    | cliente_wake_sample.marola.app:logger.log_handler.LogHandler.debug:34 - This is a debug message.
2024-10-15 15:52:15.624 | CRITICAL | cliente_wake_sample.marola.app:logger.log_handler.LogHandler.critical:34 - This is a critical message.
2024-10-15 15:55:04.938 | DEBUG    | cliente_wake_sample.marola.app:LogHandler:39 - This is a debug message.
2024-10-15 15:55:04.938 | CRITICAL | cliente_wake_sample.marola.app:LogHandler:51 - This is a critical message.
2024-10-15 15:57:29.320 | DEBUG    | cliente_wake_sample.marola.app:__Main__:9 - This is a debug message.
2024-10-15 15:57:29.320 | CRITICAL | cliente_wake_sample.marola.app:__Main__:10 - This is a critical message.
2024-10-15 15:57:49.205 | DEBUG    | cliente_wake_sample.marola.app:__Main__:9 - This is a debug message.
2024-10-15 15:57:49.205 | CRITICAL | cliente_wake_sample.marola.app:__Main__:10 - This is a critical message.
2024-10-15 16:00:12.699 | DEBUG    | cliente_wake_sample.marola.app:__Main__:9 - This is a debug message.
2024-10-15 16:00:12.699 | CRITICAL | cliente_wake_sample.marola.app:__Main__:10 - This is a critical message.
2024-10-15 16:02:05.218 | DEBUG    | PSCustomProjects.cliente_wake_sample:__Main__:9 - This is a debug message.
2024-10-15 16:02:05.218 | CRITICAL | PSCustomProjects.cliente_wake_sample:__Main__:10 - This is a critical message.
2024-10-15 16:05:54.583 | DEBUG    | PSCustomProjects.cliente_wake_sample:__Main__:9 - This is a debug message.
2024-10-15 16:05:54.583 | CRITICAL | PSCustomProjects.cliente_wake_sample:__Main__:10 - This is a critical message.
2024-10-15 16:05:54.589 | INFO     | PSCustomProjects.Libs:__Main__:6 - Call from Libs/Lib-X
